[debug] [2024-01-23T09:16:34.612Z] ----------------------------------------------------------------------
[debug] [2024-01-23T09:16:34.615Z] Command:       C:\Program Files\nodejs\node.exe C:\Users\neski\AppData\Roaming\npm\node_modules\firebase-tools\lib\bin\firebase.js init
[debug] [2024-01-23T09:16:34.616Z] CLI Version:   13.0.3
[debug] [2024-01-23T09:16:34.616Z] Platform:      win32
[debug] [2024-01-23T09:16:34.617Z] Node Version:  v18.13.0
[debug] [2024-01-23T09:16:34.625Z] Time:          Tue Jan 23 2024 04:16:34 GMT-0500 (Eastern Standard Time)
[debug] [2024-01-23T09:16:34.626Z] ----------------------------------------------------------------------
[debug] 
[debug] [2024-01-23T09:16:34.636Z] > command requires scopes: ["email","openid","https://www.googleapis.com/auth/cloudplatformprojects.readonly","https://www.googleapis.com/auth/firebase","https://www.googleapis.com/auth/cloud-platform"]
[debug] [2024-01-23T09:16:34.636Z] > authorizing via signed-in user (neskinescharles@gmail.com)
[info] 
     ######## #### ########  ######## ########     ###     ######  ########
     ##        ##  ##     ## ##       ##     ##  ##   ##  ##       ##
     ######    ##  ########  ######   ########  #########  ######  ######
     ##        ##  ##    ##  ##       ##     ## ##     ##       ## ##
     ##       #### ##     ## ######## ########  ##     ##  ######  ########

You're about to initialize a Firebase project in this directory:

  C:\Users\neski\OneDrive\Desktop\PersonalProjects\p-website

[info] 
=== Project Setup
[info] 
[info] First, let's associate this project directory with a Firebase project.
[info] You can create multiple project aliases by running firebase use --add, 
[info] but for now we'll just set up a default project.
[info] 
[debug] [2024-01-23T09:16:41.693Z] >>> [apiv2][query] GET https://firebase.googleapis.com/v1beta1/projects pageSize=100
[debug] [2024-01-23T09:16:42.190Z] <<< [apiv2][status] GET https://firebase.googleapis.com/v1beta1/projects 200
[debug] [2024-01-23T09:16:42.190Z] <<< [apiv2][body] GET https://firebase.googleapis.com/v1beta1/projects [omitted]
[info] i  Using project my-website-3a969 (My-website) 
[info] 
=== Database Setup
[info] i  database: ensuring required API firebasedatabase.googleapis.com is enabled... 
[debug] [2024-01-23T09:16:45.189Z] >>> [apiv2][query] GET https://serviceusage.googleapis.com/v1/projects/my-website-3a969/services/firebasedatabase.googleapis.com [none]
[debug] [2024-01-23T09:16:45.189Z] >>> [apiv2][(partial)header] GET https://serviceusage.googleapis.com/v1/projects/my-website-3a969/services/firebasedatabase.googleapis.com x-goog-quota-user=projects/my-website-3a969
[debug] [2024-01-23T09:16:45.486Z] <<< [apiv2][status] GET https://serviceusage.googleapis.com/v1/projects/my-website-3a969/services/firebasedatabase.googleapis.com 200
[debug] [2024-01-23T09:16:45.486Z] <<< [apiv2][body] GET https://serviceusage.googleapis.com/v1/projects/my-website-3a969/services/firebasedatabase.googleapis.com [omitted]
[info] +  database: required API firebasedatabase.googleapis.com is enabled 
[info] 
[debug] [2024-01-23T09:16:45.488Z] >>> [apiv2][query] GET https://firebasedatabase.googleapis.com/v1beta/projects/my-website-3a969/locations/-/instances/my-website-3a969-default-rtdb [none]
[debug] [2024-01-23T09:16:45.726Z] <<< [apiv2][status] GET https://firebasedatabase.googleapis.com/v1beta/projects/my-website-3a969/locations/-/instances/my-website-3a969-default-rtdb 200
[debug] [2024-01-23T09:16:45.727Z] <<< [apiv2][body] GET https://firebasedatabase.googleapis.com/v1beta/projects/my-website-3a969/locations/-/instances/my-website-3a969-default-rtdb {"name":"projects/1094512789785/locations/us-central1/instances/my-website-3a969-default-rtdb","project":"projects/1094512789785","databaseUrl":"https://my-website-3a969-default-rtdb.firebaseio.com","type":"DEFAULT_DATABASE","state":"ACTIVE"}
[info] 
[info] Firebase Realtime Database Security Rules allow you to define how your data should be
[info] structured and when your data can be read from and written to.
[info] 
[debug] [2024-01-23T09:16:54.943Z] >>> [apiv2][query] GET https://my-website-3a969-default-rtdb.firebaseio.com/.settings/rules.json [none]
[debug] [2024-01-23T09:16:55.042Z] <<< [apiv2][status] GET https://my-website-3a969-default-rtdb.firebaseio.com/.settings/rules.json 200
[debug] [2024-01-23T09:16:55.042Z] <<< [apiv2][body] GET https://my-website-3a969-default-rtdb.firebaseio.com/.settings/rules.json [stream]
[info] +  Database Rules for my-website-3a969-default-rtdb have been written to database.rules.json. 
[info] Future modifications to database.rules.json will update Realtime Database Security Rules when you run
[info] firebase deploy.
[info] 
=== Firestore Setup
[debug] [2024-01-23T09:16:55.046Z] >>> [apiv2][query] GET https://serviceusage.googleapis.com/v1/projects/my-website-3a969/services/firestore.googleapis.com [none]
[debug] [2024-01-23T09:16:55.047Z] >>> [apiv2][(partial)header] GET https://serviceusage.googleapis.com/v1/projects/my-website-3a969/services/firestore.googleapis.com x-goog-quota-user=projects/my-website-3a969
[debug] [2024-01-23T09:16:55.341Z] <<< [apiv2][status] GET https://serviceusage.googleapis.com/v1/projects/my-website-3a969/services/firestore.googleapis.com 200
[debug] [2024-01-23T09:16:55.341Z] <<< [apiv2][body] GET https://serviceusage.googleapis.com/v1/projects/my-website-3a969/services/firestore.googleapis.com [omitted]
[debug] [2024-01-23T09:16:55.342Z] >>> [apiv2][query] GET https://firestore.googleapis.com/v1/projects/my-website-3a969/databases/(default) [none]
[debug] [2024-01-23T09:16:55.583Z] <<< [apiv2][status] GET https://firestore.googleapis.com/v1/projects/my-website-3a969/databases/(default) 200
[debug] [2024-01-23T09:16:55.583Z] <<< [apiv2][body] GET https://firestore.googleapis.com/v1/projects/my-website-3a969/databases/(default) {"name":"projects/my-website-3a969/databases/(default)","uid":"41d87f85-4c9b-4f18-9cdf-560f09ea2327","createTime":"2024-01-23T09:16:16.579669Z","updateTime":"2024-01-23T09:16:16.579669Z","locationId":"nam5","type":"FIRESTORE_NATIVE","concurrencyMode":"PESSIMISTIC","versionRetentionPeriod":"3600s","earliestVersionTime":"2024-01-23T09:16:16.579669Z","appEngineIntegrationMode":"DISABLED","keyPrefix":"s","pointInTimeRecoveryEnablement":"POINT_IN_TIME_RECOVERY_DISABLED","deleteProtectionState":"DELETE_PROTECTION_DISABLED","etag":"IO32usKW84MDMNWgprCW84MD"}
[debug] [2024-01-23T09:16:55.583Z] database_type: FIRESTORE_NATIVE
[debug] [2024-01-23T09:16:55.583Z] > command requires scopes: ["email","openid","https://www.googleapis.com/auth/cloudplatformprojects.readonly","https://www.googleapis.com/auth/firebase","https://www.googleapis.com/auth/cloud-platform"]
[debug] [2024-01-23T09:16:55.583Z] > authorizing via signed-in user (neskinescharles@gmail.com)
[debug] [2024-01-23T09:16:55.583Z] [iam] checking project my-website-3a969 for permissions ["firebase.projects.get"]
[debug] [2024-01-23T09:16:55.584Z] >>> [apiv2][query] POST https://cloudresourcemanager.googleapis.com/v1/projects/my-website-3a969:testIamPermissions [none]
[debug] [2024-01-23T09:16:55.584Z] >>> [apiv2][(partial)header] POST https://cloudresourcemanager.googleapis.com/v1/projects/my-website-3a969:testIamPermissions x-goog-quota-user=projects/my-website-3a969
[debug] [2024-01-23T09:16:55.584Z] >>> [apiv2][body] POST https://cloudresourcemanager.googleapis.com/v1/projects/my-website-3a969:testIamPermissions {"permissions":["firebase.projects.get"]}
[debug] [2024-01-23T09:16:55.724Z] <<< [apiv2][status] POST https://cloudresourcemanager.googleapis.com/v1/projects/my-website-3a969:testIamPermissions 200
[debug] [2024-01-23T09:16:55.724Z] <<< [apiv2][body] POST https://cloudresourcemanager.googleapis.com/v1/projects/my-website-3a969:testIamPermissions {"permissions":["firebase.projects.get"]}
[info] 
[info] Firestore Security Rules allow you to define how and when to allow
[info] requests. You can keep these rules in your project directory
[info] and publish them with firebase deploy.
[info] 
[debug] [2024-01-23T09:16:57.867Z] >>> [apiv2][query] GET https://firebaserules.googleapis.com/v1/projects/my-website-3a969/releases pageSize=10&pageToken=
[debug] [2024-01-23T09:16:58.101Z] <<< [apiv2][status] GET https://firebaserules.googleapis.com/v1/projects/my-website-3a969/releases 200
[debug] [2024-01-23T09:16:58.101Z] <<< [apiv2][body] GET https://firebaserules.googleapis.com/v1/projects/my-website-3a969/releases {"releases":[{"name":"projects/my-website-3a969/releases/cloud.firestore","rulesetName":"projects/my-website-3a969/rulesets/e1985efe-49b3-47b7-9f2b-1097ff89995d","createTime":"2024-01-23T09:16:21.311337Z","updateTime":"2024-01-23T09:16:21.311337Z"}]}
[debug] [2024-01-23T09:16:58.101Z] Found ruleset: projects/my-website-3a969/rulesets/e1985efe-49b3-47b7-9f2b-1097ff89995d
[debug] [2024-01-23T09:16:58.102Z] >>> [apiv2][query] GET https://firebaserules.googleapis.com/v1/projects/my-website-3a969/rulesets/e1985efe-49b3-47b7-9f2b-1097ff89995d [none]
[debug] [2024-01-23T09:16:58.316Z] <<< [apiv2][status] GET https://firebaserules.googleapis.com/v1/projects/my-website-3a969/rulesets/e1985efe-49b3-47b7-9f2b-1097ff89995d 200
[debug] [2024-01-23T09:16:58.317Z] <<< [apiv2][body] GET https://firebaserules.googleapis.com/v1/projects/my-website-3a969/rulesets/e1985efe-49b3-47b7-9f2b-1097ff89995d [omitted]
[info] 
[info] Firestore indexes allow you to perform complex queries while
[info] maintaining performance that scales with the size of the result
[info] set. You can keep index definitions in your project directory
[info] and publish them with firebase deploy.
[info] 
[debug] [2024-01-23T09:17:05.803Z] >>> [apiv2][query] GET https://firestore.googleapis.com/v1/projects/my-website-3a969/databases/(default)/collectionGroups/-/indexes [none]
[debug] [2024-01-23T09:17:05.806Z] >>> [apiv2][query] GET https://firestore.googleapis.com/v1/projects/my-website-3a969/databases/(default)/collectionGroups/-/fields?filter=indexConfig.usesAncestorConfig=false OR ttlConfig:* [none]
[debug] [2024-01-23T09:17:06.030Z] <<< [apiv2][status] GET https://firestore.googleapis.com/v1/projects/my-website-3a969/databases/(default)/collectionGroups/-/indexes 200
[debug] [2024-01-23T09:17:06.030Z] <<< [apiv2][body] GET https://firestore.googleapis.com/v1/projects/my-website-3a969/databases/(default)/collectionGroups/-/indexes {}
[debug] [2024-01-23T09:17:06.308Z] <<< [apiv2][status] GET https://firestore.googleapis.com/v1/projects/my-website-3a969/databases/(default)/collectionGroups/-/fields?filter=indexConfig.usesAncestorConfig=false OR ttlConfig:* 200
[debug] [2024-01-23T09:17:06.308Z] <<< [apiv2][body] GET https://firestore.googleapis.com/v1/projects/my-website-3a969/databases/(default)/collectionGroups/-/fields?filter=indexConfig.usesAncestorConfig=false OR ttlConfig:* {"fields":[{"name":"projects/my-website-3a969/databases/(default)/collectionGroups/__default__/fields/*","indexConfig":{"indexes":[{"queryScope":"COLLECTION","fields":[{"fieldPath":"*","order":"ASCENDING"}],"state":"READY"},{"queryScope":"COLLECTION","fields":[{"fieldPath":"*","order":"DESCENDING"}],"state":"READY"},{"queryScope":"COLLECTION","fields":[{"fieldPath":"*","arrayConfig":"CONTAINS"}],"state":"READY"}]}}]}
[info] 
=== Functions Setup
[debug] [2024-01-23T09:17:06.311Z] > command requires scopes: ["email","openid","https://www.googleapis.com/auth/cloudplatformprojects.readonly","https://www.googleapis.com/auth/firebase","https://www.googleapis.com/auth/cloud-platform"]
[debug] [2024-01-23T09:17:06.311Z] > authorizing via signed-in user (neskinescharles@gmail.com)
[debug] [2024-01-23T09:17:06.311Z] [iam] checking project my-website-3a969 for permissions ["firebase.projects.get"]
[debug] [2024-01-23T09:17:06.312Z] >>> [apiv2][query] POST https://cloudresourcemanager.googleapis.com/v1/projects/my-website-3a969:testIamPermissions [none]
[debug] [2024-01-23T09:17:06.312Z] >>> [apiv2][(partial)header] POST https://cloudresourcemanager.googleapis.com/v1/projects/my-website-3a969:testIamPermissions x-goog-quota-user=projects/my-website-3a969
[debug] [2024-01-23T09:17:06.312Z] >>> [apiv2][body] POST https://cloudresourcemanager.googleapis.com/v1/projects/my-website-3a969:testIamPermissions {"permissions":["firebase.projects.get"]}
[debug] [2024-01-23T09:17:06.525Z] <<< [apiv2][status] POST https://cloudresourcemanager.googleapis.com/v1/projects/my-website-3a969:testIamPermissions 200
[debug] [2024-01-23T09:17:06.526Z] <<< [apiv2][body] POST https://cloudresourcemanager.googleapis.com/v1/projects/my-website-3a969:testIamPermissions {"permissions":["firebase.projects.get"]}
[debug] [2024-01-23T09:17:06.526Z] >>> [apiv2][query] GET https://serviceusage.googleapis.com/v1/projects/my-website-3a969/services/cloudfunctions.googleapis.com [none]
[debug] [2024-01-23T09:17:06.526Z] >>> [apiv2][(partial)header] GET https://serviceusage.googleapis.com/v1/projects/my-website-3a969/services/cloudfunctions.googleapis.com x-goog-quota-user=projects/my-website-3a969
[debug] [2024-01-23T09:17:06.529Z] >>> [apiv2][query] GET https://serviceusage.googleapis.com/v1/projects/my-website-3a969/services/runtimeconfig.googleapis.com [none]
[debug] [2024-01-23T09:17:06.529Z] >>> [apiv2][(partial)header] GET https://serviceusage.googleapis.com/v1/projects/my-website-3a969/services/runtimeconfig.googleapis.com x-goog-quota-user=projects/my-website-3a969
[debug] [2024-01-23T09:17:06.738Z] <<< [apiv2][status] GET https://serviceusage.googleapis.com/v1/projects/my-website-3a969/services/runtimeconfig.googleapis.com 200
[debug] [2024-01-23T09:17:06.738Z] <<< [apiv2][body] GET https://serviceusage.googleapis.com/v1/projects/my-website-3a969/services/runtimeconfig.googleapis.com [omitted]
[debug] [2024-01-23T09:17:06.839Z] <<< [apiv2][status] GET https://serviceusage.googleapis.com/v1/projects/my-website-3a969/services/cloudfunctions.googleapis.com 200
[debug] [2024-01-23T09:17:06.839Z] <<< [apiv2][body] GET https://serviceusage.googleapis.com/v1/projects/my-website-3a969/services/cloudfunctions.googleapis.com [omitted]
[debug] [2024-01-23T09:17:06.840Z] >>> [apiv2][query] POST https://serviceusage.googleapis.com/v1/projects/my-website-3a969/services/cloudfunctions.googleapis.com:enable [none]
[debug] [2024-01-23T09:17:06.840Z] >>> [apiv2][(partial)header] POST https://serviceusage.googleapis.com/v1/projects/my-website-3a969/services/cloudfunctions.googleapis.com:enable x-goog-quota-user=projects/my-website-3a969
[debug] [2024-01-23T09:17:07.366Z] <<< [apiv2][status] POST https://serviceusage.googleapis.com/v1/projects/my-website-3a969/services/cloudfunctions.googleapis.com:enable 200
[debug] [2024-01-23T09:17:07.366Z] <<< [apiv2][body] POST https://serviceusage.googleapis.com/v1/projects/my-website-3a969/services/cloudfunctions.googleapis.com:enable [omitted]
[debug] [2024-01-23T09:17:17.372Z] >>> [apiv2][query] GET https://serviceusage.googleapis.com/v1/projects/my-website-3a969/services/cloudfunctions.googleapis.com [none]
[debug] [2024-01-23T09:17:17.373Z] >>> [apiv2][(partial)header] GET https://serviceusage.googleapis.com/v1/projects/my-website-3a969/services/cloudfunctions.googleapis.com x-goog-quota-user=projects/my-website-3a969
[debug] [2024-01-23T09:17:17.659Z] <<< [apiv2][status] GET https://serviceusage.googleapis.com/v1/projects/my-website-3a969/services/cloudfunctions.googleapis.com 200
[debug] [2024-01-23T09:17:17.659Z] <<< [apiv2][body] GET https://serviceusage.googleapis.com/v1/projects/my-website-3a969/services/cloudfunctions.googleapis.com [omitted]
[info] Let's create a new codebase for your functions.
[info] A directory corresponding to the codebase will be created in your project
[info] with sample code pre-configured.

[info] See https://firebase.google.com/docs/functions/organize-functions for
[info] more information on organizing your functions using codebases.

[info] Functions can be deployed with firebase deploy.

[info] +  Wrote functions/package.json 
[info] +  Wrote functions/.eslintrc.js 
[info] +  Wrote functions/index.js 
[info] +  Wrote functions/.gitignore 
[info] 
=== Hosting Setup
[debug] [2024-01-23T09:18:12.208Z] >>> [apiv2][query] GET https://firebase.googleapis.com/v1beta1/projects/my-website-3a969 [none]
[debug] [2024-01-23T09:18:12.669Z] <<< [apiv2][status] GET https://firebase.googleapis.com/v1beta1/projects/my-website-3a969 200
[debug] [2024-01-23T09:18:12.669Z] <<< [apiv2][body] GET https://firebase.googleapis.com/v1beta1/projects/my-website-3a969 {"projectId":"my-website-3a969","projectNumber":"1094512789785","displayName":"My-website","name":"projects/my-website-3a969","resources":{"hostingSite":"my-website-3a969","realtimeDatabaseInstance":"my-website-3a969-default-rtdb"},"state":"ACTIVE","etag":"1_e79f1a28-bccf-4f58-8575-28d6b54857a7"}
[info] 
[info] Your public directory is the folder (relative to your project directory) that
[info] will contain Hosting assets to be uploaded with firebase deploy. If you
[info] have a build process for your assets, use your build's output directory.
[info] 
[info] +  Wrote src/404.html 
[debug] [2024-01-23T09:19:12.724Z] >>> [apiv2][query] GET https://www.gstatic.com/firebasejs/releases.json [none]
[debug] [2024-01-23T09:19:12.786Z] <<< [apiv2][status] GET https://www.gstatic.com/firebasejs/releases.json 200
[debug] [2024-01-23T09:19:12.786Z] <<< [apiv2][body] GET https://www.gstatic.com/firebasejs/releases.json {"current":{"version":"10.7.2","browserURL":"https://www.gstatic.com/firebasejs/10.7.2/firebase.js","packageURL":"https://www.gstatic.com/firebasejs/10.7.2/firebase.tgz"},"live":{"version":"10.7","browserURL":"https://www.gstatic.com/firebasejs/live/10.7/firebase.js","packageURL":"https://www.gstatic.com/firebasejs/live/10.7/firebase.tgz"},"components":{"analytics":"https://www.gstatic.com/firebasejs/10.7.2/firebase-analytics.js","app":"https://www.gstatic.com/firebasejs/10.7.2/firebase-app.js","app-check":"https://www.gstatic.com/firebasejs/10.7.2/firebase-app-check.js","auth":"https://www.gstatic.com/firebasejs/10.7.2/firebase-auth.js","auth/cordova":"https://www.gstatic.com/firebasejs/10.7.2/firebase-auth/cordova.js","functions":"https://www.gstatic.com/firebasejs/10.7.2/firebase-functions.js","firestore":"https://www.gstatic.com/firebasejs/10.7.2/firebase-firestore.js","firestore/lite":"https://www.gstatic.com/firebasejs/10.7.2/firebase-firestore/lite.js","installations":"https://www.gstatic.com/firebasejs/10.7.2/firebase-installations.js","storage":"https://www.gstatic.com/firebasejs/10.7.2/firebase-storage.js","performance":"https://www.gstatic.com/firebasejs/10.7.2/firebase-performance.js","remote-config":"https://www.gstatic.com/firebasejs/10.7.2/firebase-remote-config.js","messaging":"https://www.gstatic.com/firebasejs/10.7.2/firebase-messaging.js","messaging/sw":"https://www.gstatic.com/firebasejs/10.7.2/firebase-messaging/sw.js","database":"https://www.gstatic.com/firebasejs/10.7.2/firebase-database.js","firestore.memory":"https://www.gstatic.com/firebasejs/10.7.2/firebase-firestore.memory.js"}}
[info] +  Wrote src/index.html 
[info] 
[info] i  Detected a .git folder at C:\Users\neski\OneDrive\Desktop\PersonalProjects\p-website 
[info] i  Authorizing with GitHub to upload your service account to a GitHub repository's secrets store. 
[info] 
[info] Visit this URL on this device to log in:
[info] https://github.com/login/oauth/authorize?client_id=89cf50f02ac6aaed3484&state=818774124&redirect_uri=http%3A%2F%2Flocalhost%3A9005&scope=read%3Auser%20repo%20public_repo
[info] 
[info] Waiting for authentication...
[debug] [2024-01-23T09:19:25.372Z] >>> [apiv2][query] POST https://github.com/login/oauth/access_token [none]
[debug] [2024-01-23T09:19:25.372Z] >>> [apiv2][body] POST https://github.com/login/oauth/access_token [stream]
[debug] [2024-01-23T09:19:25.615Z] <<< [apiv2][status] POST https://github.com/login/oauth/access_token 200
[debug] [2024-01-23T09:19:25.615Z] <<< [apiv2][body] POST https://github.com/login/oauth/access_token {"access_token":"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","token_type":"bearer","scope":"read:user,repo"}
[debug] [2024-01-23T09:19:25.620Z] >>> [apiv2][query] GET https://api.github.com/user [none]
[debug] [2024-01-23T09:19:25.833Z] <<< [apiv2][status] GET https://api.github.com/user 200
[debug] [2024-01-23T09:19:25.834Z] <<< [apiv2][body] GET https://api.github.com/user {"login":"neski321","id":123345003,"node_id":"U_kgDOB1oYaw","avatar_url":"https://avatars.githubusercontent.com/u/123345003?v=4","gravatar_id":"","url":"https://api.github.com/users/neski321","html_url":"https://github.com/neski321","followers_url":"https://api.github.com/users/neski321/followers","following_url":"https://api.github.com/users/neski321/following{/other_user}","gists_url":"https://api.github.com/users/neski321/gists{/gist_id}","starred_url":"https://api.github.com/users/neski321/starred{/owner}{/repo}","subscriptions_url":"https://api.github.com/users/neski321/subscriptions","organizations_url":"https://api.github.com/users/neski321/orgs","repos_url":"https://api.github.com/users/neski321/repos","events_url":"https://api.github.com/users/neski321/events{/privacy}","received_events_url":"https://api.github.com/users/neski321/received_events","type":"User","site_admin":false,"name":null,"company":null,"blog":"","location":null,"email":null,"hireable":null,"bio":null,"twitter_username":null,"public_repos":5,"public_gists":0,"followers":0,"following":0,"created_at":"2023-01-23T03:35:27Z","updated_at":"2024-01-11T05:15:41Z","private_gists":0,"total_private_repos":8,"owned_private_repos":8,"disk_usage":61373,"collaborators":0,"two_factor_authentication":false,"plan":{"name":"free","space":976562499,"collaborators":0,"private_repos":10000}}
[info] 
[info] +  Success! Logged into GitHub as neski321 
[info] 
